time="2023-09-25T15:12:11+05:00" level=error msg="ERROR: syntax error at or near \"Qosimi\" (SQLSTATE 42601)"
time="2023-09-25T15:15:01+05:00" level=error msg="ERROR: syntax error at or near \"Qosimi\" (SQLSTATE 42601)"
time="2023-09-25T15:16:35+05:00" level=error msg="ERROR: syntax error at or near \"Qosimi\" (SQLSTATE 42601)"
time="2023-09-25T15:21:02+05:00" level=error msg="ERROR: syntax error at or near \"Qosimi\" (SQLSTATE 42601)"
time="2023-09-25T15:22:32+05:00" level=error msg="ERROR: relation \"personal_data\" does not exist (SQLSTATE 42P01)"
time="2023-09-25T15:24:11+05:00" level=error msg="ERROR: relation \"personal_data\" does not exist (SQLSTATE 42P01)"
time="2023-09-25T15:26:38+05:00" level=error msg="ERROR: relation \"personal_data\" does not exist (SQLSTATE 42P01)"
time="2023-09-25T15:29:19+05:00" level=error msg="ERROR: relation \"personal_data\" does not exist (SQLSTATE 42P01)"
time="2023-09-26T09:25:48+05:00" level=error msg="ERROR: column \"username\" does not exist (SQLSTATE 42703)"
time="2023-09-26T09:26:24+05:00" level=error msg="invalid field found for struct main/pkg/models.User's field PersonalData: define a valid foreign key for relations or implement the Valuer/Scanner interface"
time="2023-09-26T09:57:22+05:00" level=error msg="crypto/bcrypt: hashedSecret too short to be a bcrypted password"
time="2023-09-26T09:59:10+05:00" level=error msg="crypto/bcrypt: hashedSecret too short to be a bcrypted password"
time="2023-09-26T10:03:54+05:00" level=info msg="User:%!(EXTRA models.User={0 kurush kurush {     0 }})"
time="2023-09-26T10:03:54+05:00" level=error msg="crypto/bcrypt: hashedSecret too short to be a bcrypted password"
time="2023-09-26T10:06:20+05:00" level=info msg="User:%!(EXTRA models.Check={0 kurush kurush 0})"
time="2023-09-26T10:06:20+05:00" level=error msg="crypto/bcrypt: hashedSecret too short to be a bcrypted password"
time="2023-09-26T10:06:52+05:00" level=info msg="User:%!(EXTRA models.Check={0 imom imom 0})"
time="2023-09-26T10:06:52+05:00" level=error msg="crypto/bcrypt: hashedSecret too short to be a bcrypted password"
time="2023-09-26T10:10:59+05:00" level=info msg="User:%!(EXTRA models.Check={0 isfandiyor isfandiyor 0})"
time="2023-09-26T10:10:59+05:00" level=error msg="crypto/bcrypt: hashedSecret too short to be a bcrypted password"
time="2023-09-26T10:13:09+05:00" level=info msg="User:%!(EXTRA models.Check={0 isfandiyor isfandiyor 0})"
time="2023-09-26T10:13:40+05:00" level=info msg="User:%!(EXTRA models.Check={0 isfandiyor isfandiyor 0})"
time="2023-09-26T10:15:23+05:00" level=info msg="User:%!(EXTRA models.Check={0 isfandiyor isfandiyor 0 0001-01-01 00:00:00 +0000 UTC false 0001-01-01 00:00:00 +0000 UTC 0001-01-01 00:00:00 +0000 UTC})"
time="2023-09-26T10:22:06+05:00" level=info msg="User:%!(EXTRA models.User={0 isfandiyor isfandiyor {     0 }})"
time="2023-09-26T10:23:06+05:00" level=info msg="User:%!(EXTRA models.User={0 isfandiyor isfandiyor {     0 }})"
time="2023-09-26T10:23:45+05:00" level=info msg="User:%!(EXTRA models.User={0 isfandiyor isfandiyor {     0 }})"
time="2023-09-26T10:23:45+05:00" level=error msg="there is not such account"
time="2023-09-26T10:26:02+05:00" level=info msg="User:%!(EXTRA models.User={0 kurush kurush {     0 }})"
time="2023-09-26T10:26:02+05:00" level=error msg="there is not such account"
time="2023-09-26T10:28:15+05:00" level=error msg="there is not such account"
time="2023-09-26T10:29:04+05:00" level=error msg="there is not such account"
time="2023-09-26T10:30:55+05:00" level=error msg="there is not such account"
time="2023-09-26T10:33:36+05:00" level=error msg="failed to encode args[0]: unable to encode &models.Token{ID:0, Token:\"eyJhbGciOiJIUzI1NiIsInR5cCI6IkpXVCJ9.eyJ0aW1lIjoiMjAyMy0wOS0yNlQxMDozMzozNi41Nzk4NTk4KzA1OjAwIiwidXNlcklkIjoxfQ.FDyf-0iZjku3YwQpBUui5Gyz5772QRCjF6fX-Bg5ODg\", ExpirationTime:time.Date(1, time.January, 1, 0, 0, 0, 0, time.UTC), UserID:1, CreatedAt:time.Date(1, time.January, 1, 0, 0, 0, 0, time.UTC), Active:false, UpdatedAt:time.Date(1, time.January, 1, 0, 0, 0, 0, time.UTC), DeletedAt:time.Date(1, time.January, 1, 0, 0, 0, 0, time.UTC)} into text format for text (OID 25): cannot find encode plan"
time="2023-10-02T13:45:30+05:00" level=error msg="this token does not exists"
time="2023-10-02T13:49:55+05:00" level=error msg="parsing time \"2:45\" as \"2006-01-02T15:04:05Z07:00\": cannot parse \"2:45\" as \"2006\""
time="2023-10-02T13:52:12+05:00" level=error msg="json: cannot unmarshal string into Go struct field Vacancies.duration of type int"
time="2023-10-02T13:53:20+05:00" level=error msg="json: cannot unmarshal string into Go struct field Vacancies.fee of type float64"
time="2023-10-02T14:12:44+05:00" level=error msg="not your vacancy"
time="2023-10-02T14:19:30+05:00" level=error msg="not your vacancy"
time="2023-10-04T11:48:18+05:00" level=error msg="this token does not exists"
time="2023-10-04T11:49:04+05:00" level=error msg="this token does not exists"
time="2023-10-04T11:50:51+05:00" level=error msg="this token does not exists"
time="2023-10-04T11:51:34+05:00" level=error msg="this token does not exists"
time="2023-10-04T11:51:53+05:00" level=error msg="this token does not exists"
time="2023-10-04T11:53:08+05:00" level=error msg="this token does not exists"
time="2023-10-04T11:54:51+05:00" level=error msg="this token does not exists"
time="2023-10-04T11:56:17+05:00" level=error msg="this token does not exists"
time="2023-10-04T13:50:03+05:00" level=error msg="this token does not exists"
time="2023-10-04T13:50:48+05:00" level=error msg="not your vacancy"
time="2023-10-04T13:53:35+05:00" level=error msg="ERROR: syntax error at end of input (SQLSTATE 42601)"
time="2023-10-04T13:58:15+05:00" level=error msg="this token does not exists"
time="2023-10-04T13:58:46+05:00" level=error msg="not your vacancy"
time="2023-10-04T14:00:23+05:00" level=error msg="ERROR: syntax error at or near \"where\" (SQLSTATE 42601)"
time="2023-10-07T16:27:01+05:00" level=error msg="your password is too short"
time="2023-10-08T23:55:47+05:00" level=error msg="this token does not exists"
time="2023-10-08T23:56:24+05:00" level=error msg="not your vacancy"
time="2023-10-09T00:02:03+05:00" level=error msg="does not exist such vacancy"
time="2023-10-09T08:06:34+05:00" level=error msg="ERROR: syntax error at end of input (SQLSTATE 42601)"
time="2023-10-09T08:07:11+05:00" level=error msg="you cannot apply to your own vacancy"
time="2023-10-09T08:39:58+05:00" level=error msg="ERROR: column \"active\" does not exist (SQLSTATE 42703)"
time="2023-10-09T09:01:22+05:00" level=error msg="not such applicant"
time="2023-10-09T11:07:33+05:00" level=error msg="invalid character '}' looking for beginning of object key string"
time="2023-10-09T11:07:34+05:00" level=error msg="invalid character '}' looking for beginning of object key string"
time="2023-10-09T11:07:34+05:00" level=error msg="invalid character '}' looking for beginning of object key string"
time="2023-10-09T11:09:16+05:00" level=error msg="Couldn't find an ID!"
time="2023-10-09T11:09:38+05:00" level=error msg="Ошибка при удалении файла:remove 9.pdf: The system cannot find the file specified."
time="2023-10-09T11:10:43+05:00" level=error msg="Ошибка при удалении файла:remove 9.pdf: The system cannot find the file specified."
time="2023-10-09T11:10:43+05:00" level=error msg="Couldn't find an ID!"
time="2023-10-09T11:11:38+05:00" level=error msg="Ошибка при удалении файла:remove 9.pdf: The system cannot find the file specified."
time="2023-10-09T11:11:38+05:00" level=error msg="Couldn't find an ID!"
time="2023-10-09T11:12:16+05:00" level=error msg="Ошибка при удалении файла:remove 9.pdf: The system cannot find the file specified."
time="2023-10-09T11:12:16+05:00" level=error msg="Couldn't find an ID!"
time="2023-10-09T11:13:30+05:00" level=error msg="Couldn't find an ID!"
time="2023-10-09T14:25:38+05:00" level=error msg="json: cannot unmarshal object into Go value of type string"
time="2023-10-09T14:26:32+05:00" level=error msg="json: cannot unmarshal object into Go value of type string"
time="2023-10-09T14:28:40+05:00" level=error msg="ERROR: syntax error at or near \")\" (SQLSTATE 42601)"
time="2023-10-09T14:47:00+05:00" level=error msg="ERROR: column \"active\" does not exist (SQLSTATE 42703)"
